c:\users\tasha\desktop\cour\math\projet paint\digitalpaint2000---trem---gibiat---chopin\digitalpaint2000---trem---gibiat---chopin\debug\vc142.pdb
c:\users\tasha\desktop\cour\math\projet paint\digitalpaint2000---trem---gibiat---chopin\digitalpaint2000---trem---gibiat---chopin\debug\vc142.idb
c:\users\tasha\desktop\cour\math\projet paint\digitalpaint2000---trem---gibiat---chopin\digitalpaint2000---trem---gibiat---chopin\debug\imgui_widgets.obj
c:\users\tasha\desktop\cour\math\projet paint\digitalpaint2000---trem---gibiat---chopin\digitalpaint2000---trem---gibiat---chopin\debug\imgui_tables.obj
c:\users\tasha\desktop\cour\math\projet paint\digitalpaint2000---trem---gibiat---chopin\digitalpaint2000---trem---gibiat---chopin\debug\imgui_draw.obj
c:\users\tasha\desktop\cour\math\projet paint\digitalpaint2000---trem---gibiat---chopin\digitalpaint2000---trem---gibiat---chopin\debug\imgui_demo.obj
c:\users\tasha\desktop\cour\math\projet paint\digitalpaint2000---trem---gibiat---chopin\digitalpaint2000---trem---gibiat---chopin\debug\imgui.obj
c:\users\tasha\desktop\cour\math\projet paint\digitalpaint2000---trem---gibiat---chopin\digitalpaint2000---trem---gibiat---chopin\debug\imgui_impl_opengl2.obj
c:\users\tasha\desktop\cour\math\projet paint\digitalpaint2000---trem---gibiat---chopin\digitalpaint2000---trem---gibiat---chopin\debug\imgui_impl_glut.obj
c:\users\tasha\desktop\cour\math\projet paint\digitalpaint2000---trem---gibiat---chopin\digitalpaint2000---trem---gibiat---chopin\debug\digitalpaint2000---trem---gibiat---chopin.obj
c:\users\tasha\desktop\cour\math\projet paint\digitalpaint2000---trem---gibiat---chopin\digitalpaint2000---trem---gibiat---chopin\debug\digitalpaint2000---trem---gibiat---chopin.obj.enc
c:\users\tasha\desktop\cour\math\projet paint\digitalpaint2000---trem---gibiat---chopin\debug\digitalpaint2000---trem---gibiat---chopin.pdb
c:\users\tasha\desktop\cour\math\projet paint\digitalpaint2000---trem---gibiat---chopin\digitalpaint2000---trem---gibiat---chopin\debug\digitalp.3d992273.tlog\cl.command.1.tlog
c:\users\tasha\desktop\cour\math\projet paint\digitalpaint2000---trem---gibiat---chopin\digitalpaint2000---trem---gibiat---chopin\debug\digitalp.3d992273.tlog\cl.read.1.tlog
c:\users\tasha\desktop\cour\math\projet paint\digitalpaint2000---trem---gibiat---chopin\digitalpaint2000---trem---gibiat---chopin\debug\digitalp.3d992273.tlog\cl.write.1.tlog
c:\users\tasha\desktop\cour\math\projet paint\digitalpaint2000---trem---gibiat---chopin\digitalpaint2000---trem---gibiat---chopin\debug\digitalp.3d992273.tlog\link-cvtres.read.1.tlog
c:\users\tasha\desktop\cour\math\projet paint\digitalpaint2000---trem---gibiat---chopin\digitalpaint2000---trem---gibiat---chopin\debug\digitalp.3d992273.tlog\link-cvtres.write.1.tlog
c:\users\tasha\desktop\cour\math\projet paint\digitalpaint2000---trem---gibiat---chopin\digitalpaint2000---trem---gibiat---chopin\debug\digitalp.3d992273.tlog\link-rc.read.1.tlog
c:\users\tasha\desktop\cour\math\projet paint\digitalpaint2000---trem---gibiat---chopin\digitalpaint2000---trem---gibiat---chopin\debug\digitalp.3d992273.tlog\link-rc.write.1.tlog
c:\users\tasha\desktop\cour\math\projet paint\digitalpaint2000---trem---gibiat---chopin\digitalpaint2000---trem---gibiat---chopin\debug\digitalp.3d992273.tlog\link.30920-cvtres.read.1.tlog
c:\users\tasha\desktop\cour\math\projet paint\digitalpaint2000---trem---gibiat---chopin\digitalpaint2000---trem---gibiat---chopin\debug\digitalp.3d992273.tlog\link.30920-cvtres.write.1.tlog
c:\users\tasha\desktop\cour\math\projet paint\digitalpaint2000---trem---gibiat---chopin\digitalpaint2000---trem---gibiat---chopin\debug\digitalp.3d992273.tlog\link.30920-rc.read.1.tlog
c:\users\tasha\desktop\cour\math\projet paint\digitalpaint2000---trem---gibiat---chopin\digitalpaint2000---trem---gibiat---chopin\debug\digitalp.3d992273.tlog\link.30920-rc.write.1.tlog
c:\users\tasha\desktop\cour\math\projet paint\digitalpaint2000---trem---gibiat---chopin\digitalpaint2000---trem---gibiat---chopin\debug\digitalp.3d992273.tlog\link.30920.read.1.tlog
c:\users\tasha\desktop\cour\math\projet paint\digitalpaint2000---trem---gibiat---chopin\digitalpaint2000---trem---gibiat---chopin\debug\digitalp.3d992273.tlog\link.30920.write.1.tlog
c:\users\tasha\desktop\cour\math\projet paint\digitalpaint2000---trem---gibiat---chopin\digitalpaint2000---trem---gibiat---chopin\debug\digitalp.3d992273.tlog\link.command.1.tlog
c:\users\tasha\desktop\cour\math\projet paint\digitalpaint2000---trem---gibiat---chopin\digitalpaint2000---trem---gibiat---chopin\debug\digitalp.3d992273.tlog\link.read.1.tlog
c:\users\tasha\desktop\cour\math\projet paint\digitalpaint2000---trem---gibiat---chopin\digitalpaint2000---trem---gibiat---chopin\debug\digitalp.3d992273.tlog\link.write.1.tlog
