  DigitalPaint2000---TREM---GIBIAT---CHOPIN.cpp
C:\Users\tasha\Desktop\cour\Math\projet Paint\DigitalPaint2000---TREM---GIBIAT---CHOPIN\DigitalPaint2000---TREM---GIBIAT---CHOPIN\File Management.h(57,21): warning C4018: '<' : incompatibilité signed/unsigned
C:\Users\tasha\Desktop\cour\Math\projet Paint\DigitalPaint2000---TREM---GIBIAT---CHOPIN\DigitalPaint2000---TREM---GIBIAT---CHOPIN\File Management.h(106,22): warning C4018: '<' : incompatibilité signed/unsigned
C:\Users\tasha\Desktop\cour\Math\projet Paint\DigitalPaint2000---TREM---GIBIAT---CHOPIN\DigitalPaint2000---TREM---GIBIAT---CHOPIN\File Management.h(138,22): warning C4018: '<' : incompatibilité signed/unsigned
C:\Users\tasha\Desktop\cour\Math\projet Paint\DigitalPaint2000---TREM---GIBIAT---CHOPIN\DigitalPaint2000---TREM---GIBIAT---CHOPIN\Canvas.h(196,22): warning C4018: '<' : incompatibilité signed/unsigned
C:\Users\tasha\Desktop\cour\Math\projet Paint\DigitalPaint2000---TREM---GIBIAT---CHOPIN\DigitalPaint2000---TREM---GIBIAT---CHOPIN\Open File Dialogue.h(34,21): warning C4018: '<' : incompatibilité signed/unsigned
C:\Users\tasha\Desktop\cour\Math\projet Paint\DigitalPaint2000---TREM---GIBIAT---CHOPIN\DigitalPaint2000---TREM---GIBIAT---CHOPIN\Open File Dialogue.h(35,10): warning C4018: '<' : incompatibilité signed/unsigned
C:\Users\tasha\Desktop\cour\Math\projet Paint\DigitalPaint2000---TREM---GIBIAT---CHOPIN\DigitalPaint2000---TREM---GIBIAT---CHOPIN\Open File Dialogue.h(61,21): warning C4018: '<' : incompatibilité signed/unsigned
C:\Users\tasha\Desktop\cour\Math\projet Paint\DigitalPaint2000---TREM---GIBIAT---CHOPIN\DigitalPaint2000---TREM---GIBIAT---CHOPIN\Open File Dialogue.h(95,21): warning C4018: '<' : incompatibilité signed/unsigned
C:\Users\tasha\Desktop\cour\Math\projet Paint\DigitalPaint2000---TREM---GIBIAT---CHOPIN\DigitalPaint2000---TREM---GIBIAT---CHOPIN\Open File Dialogue.h(150,22): warning C4018: '<' : incompatibilité signed/unsigned
C:\Users\tasha\Desktop\cour\Math\projet Paint\DigitalPaint2000---TREM---GIBIAT---CHOPIN\DigitalPaint2000---TREM---GIBIAT---CHOPIN\Open File Dialogue.h(175,22): warning C4018: '<' : incompatibilité signed/unsigned
C:\Users\tasha\Desktop\cour\Math\projet Paint\DigitalPaint2000---TREM---GIBIAT---CHOPIN\DigitalPaint2000---TREM---GIBIAT---CHOPIN\Open File Dialogue.h(202,22): warning C4018: '<' : incompatibilité signed/unsigned
C:\Users\tasha\Desktop\cour\Math\projet Paint\DigitalPaint2000---TREM---GIBIAT---CHOPIN\DigitalPaint2000---TREM---GIBIAT---CHOPIN\Top Menu Bar.h(37,21): warning C4018: '<' : incompatibilité signed/unsigned
C:\Users\tasha\Desktop\cour\Math\projet Paint\DigitalPaint2000---TREM---GIBIAT---CHOPIN\DigitalPaint2000---TREM---GIBIAT---CHOPIN\Tool_Fill.h(80,9): warning C4101: 'j' : variable locale non référencée
C:\Users\tasha\Desktop\cour\Math\projet Paint\DigitalPaint2000---TREM---GIBIAT---CHOPIN\DigitalPaint2000---TREM---GIBIAT---CHOPIN\Tool_Fill.h(358,23): warning C4018: '<' : incompatibilité signed/unsigned
C:\Users\tasha\Desktop\cour\Math\projet Paint\DigitalPaint2000---TREM---GIBIAT---CHOPIN\DigitalPaint2000---TREM---GIBIAT---CHOPIN\Tool_Fill.h(361,24): warning C4018: '<' : incompatibilité signed/unsigned
C:\Users\tasha\Desktop\cour\Math\projet Paint\DigitalPaint2000---TREM---GIBIAT---CHOPIN\DigitalPaint2000---TREM---GIBIAT---CHOPIN\Tool_Selection.h(284,8): warning C4101: 'y' : variable locale non référencée
C:\Users\tasha\Desktop\cour\Math\projet Paint\DigitalPaint2000---TREM---GIBIAT---CHOPIN\DigitalPaint2000---TREM---GIBIAT---CHOPIN\Tool_Selection.h(285,8): warning C4101: 'x' : variable locale non référencée
C:\Users\tasha\Desktop\cour\Math\projet Paint\DigitalPaint2000---TREM---GIBIAT---CHOPIN\DigitalPaint2000---TREM---GIBIAT---CHOPIN\Tool_Polygone.h(62): warning C4715: 'Tool_Polygone::Pressed' : les chemins de contrôle ne retournent pas tous une valeur
  DigitalPaint2000---TREM---GIBIAT---CHOPIN.vcxproj -> C:\Users\tasha\Desktop\cour\Math\projet Paint\DigitalPaint2000---TREM---GIBIAT---CHOPIN\Debug\DigitalPaint2000---TREM---GIBIAT---CHOPIN.exe
